<?xml version="1.0" encoding="UTF-8"?>
<!-- Generated by org.testng.reporters.JUnitReportReporter -->
<testsuite skipped="0" hostname="Lino-PC" name="tests.CaptureScreenShotTestNGTest" tests="1" failures="0" timestamp="25 ago 2017 00:39:54 GMT" time="0.902" errors="0">
  <testcase name="captureScreenshot" time="0.902" classname="tests.CaptureScreenShotTestNGTest"/>
</testsuite> <!-- tests.CaptureScreenShotTestNGTest -->
