<?xml version="1.0" encoding="UTF-8"?>
<!-- Generated by org.testng.reporters.JUnitReportReporter -->
<testsuite skipped="0" hostname="Lino-PC" name="tests.CaptureScreenShot" tests="1" failures="0" timestamp="25 ago 2017 00:28:23 GMT" time="0.621" errors="0">
  <testcase name="captureScreenshot" time="0.621" classname="tests.CaptureScreenShot"/>
</testsuite> <!-- tests.CaptureScreenShot -->
