<?xml version="1.0" encoding="UTF-8"?>
<!-- Generated by org.testng.reporters.JUnitReportReporter -->
<testsuite skipped="0" hostname="Lino-PC" name="tests.CaptureScreenShotTestNG" tests="1" failures="0" timestamp="25 ago 2017 00:14:33 GMT" time="0.719" errors="0">
  <testcase name="captureScreenshot" time="0.719" classname="tests.CaptureScreenShotTestNG"/>
</testsuite> <!-- tests.CaptureScreenShotTestNG -->
